---------- Date: 2017-02-06 12:09:06 ~ IP : ::1 ----------
REQUEST URI : /oc/index.php?route=common/home
MOD DETAILS:
   modFile   : C:\xampp\htdocs\oc\vqmod/xml/irs_product_multiple_wishlists.xml
   id        : Multiple Wishlists
   version   : 2.0
   vqmver    : 2.4.1
   author    : 
VQModObject::parseMods - Could not resolve path for [catalog/controller/account/header.php] (SKIPPED)
VQModObject::parseMods - Could not resolve path for [catalog/controller/module/account.php] (SKIPPED)
VQModObject::parseMods - Could not resolve path for [catalog/controller/module/special.php] (SKIPPED)
VQModObject::parseMods - Could not resolve path for [catalog/controller/module/latest.php] (SKIPPED)
----------------------------------------------------------------------


---------- Date: 2017-02-06 12:10:07 ~ IP : ::1 ----------
REQUEST URI : /oc/workspaces
MOD DETAILS:
   modFile   : C:\xampp\htdocs\oc\vqmod/xml/irs_product_multiple_wishlists.xml
   id        : Multiple Wishlists
   version   : 2.0
   vqmver    : 2.4.1
   author    : 

File Name    : catalog/view/theme/*/template/product/category.tpl(1)
VQModObject::applyMod - SEARCH NOT FOUND (ABORTING MOD): <button type="button" data-toggle="tooltip" title="<?php echo $button_wishlist; ?>" onclick="wishlist.add('<?php echo $product['product_id']; ?>');"><i class="fa fa-heart"></i></button>
----------------------------------------------------------------------


---------- Date: 2017-02-06 20:20:19 ~ IP : ::1 ----------
REQUEST URI : /oc/
MOD DETAILS:
   modFile   : C:\xampp\htdocs\oc\vqmod/xml/irs_product_multiple_wishlists.xml
   id        : Multiple Wishlists
   version   : 2.0
   vqmver    : 2.4.1
   author    : 
VQModObject::parseMods - Could not resolve path for [catalog/controller/account/header.php] (SKIPPED)
VQModObject::parseMods - Could not resolve path for [catalog/controller/module/account.php] (SKIPPED)
VQModObject::parseMods - Could not resolve path for [catalog/controller/module/special.php] (SKIPPED)
VQModObject::parseMods - Could not resolve path for [catalog/controller/module/latest.php] (SKIPPED)
----------------------------------------------------------------------


---------- Date: 2017-02-06 20:23:42 ~ IP : ::1 ----------
REQUEST URI : /oc/workspaces
MOD DETAILS:
   modFile   : C:\xampp\htdocs\oc\vqmod/xml/irs_product_multiple_wishlists.xml
   id        : Multiple Wishlists
   version   : 2.0
   vqmver    : 2.4.1
   author    : 

File Name    : catalog/view/theme/*/template/product/category.tpl(1)
VQModObject::applyMod - SEARCH NOT FOUND (ABORTING MOD): <button type="button" data-toggle="tooltip" title="<?php echo $button_wishlist; ?>" onclick="wishlist.add('<?php echo $product['product_id']; ?>');"><i class="fa fa-heart"></i></button>
----------------------------------------------------------------------


